[Thu 03 14 21:24:54 2013]	deviceDetection:Warning	DeviceClassifier->detectDeviceExternal@421	/	Error receiving device detection data from https://modolabs-device.appspot.com/api/?user-agent=Mozilla%2F5.0+%28Windows+NT+6.1%3B+WOW64%29+AppleWebKit%2F537.22+%28KHTML%2C+like+Gecko%29+Chrome%2F25.0.1364.172+Safari%2F537.22&version=2.  Reading expired cache.
[Thu 03 14 21:24:55 2013]	kurogo:Warning	_404@100	/common/images/search-button.png	URL /common/images/search-button.png not found
[Thu 03 14 21:24:55 2013]	kurogo:Warning	_404@100	/modules/home/images/people.png	URL /modules/home/images/people.png not found
[Thu 03 14 21:24:55 2013]	kurogo:Warning	_404@100	/modules/home/images/calendar.png	URL /modules/home/images/calendar.png not found
[Thu 03 14 21:24:55 2013]	kurogo:Warning	_404@100	/modules/home/images/news.png	URL /modules/home/images/news.png not found
[Thu 03 14 21:24:55 2013]	kurogo:Warning	_404@100	/modules/home/images/social.png	URL /modules/home/images/social.png not found
[Thu 03 14 21:24:55 2013]	kurogo:Warning	_404@100	/modules/home/images/map.png	URL /modules/home/images/map.png not found
[Thu 03 14 21:24:56 2013]	kurogo:Warning	_404@100	/modules/home/images/athletics.png	URL /modules/home/images/athletics.png not found
[Thu 03 14 21:24:56 2013]	kurogo:Warning	_404@100	/modules/home/images/video.png	URL /modules/home/images/video.png not found
[Thu 03 14 21:24:56 2013]	kurogo:Warning	_404@100	/modules/home/images/photos.png	URL /modules/home/images/photos.png not found
[Thu 03 14 21:24:56 2013]	kurogo:Warning	_404@100	/modules/home/images/kitchensink.png	URL /modules/home/images/kitchensink.png not found
[Thu 03 14 21:24:56 2013]	kurogo:Warning	_404@100	/modules/home/images/admissions.png	URL /modules/home/images/admissions.png not found
[Thu 03 14 21:24:56 2013]	kurogo:Warning	_404@100	/modules/home/images/links.png	URL /modules/home/images/links.png not found
[Thu 03 14 21:24:56 2013]	kurogo:Warning	_404@100	/modules/home/images/emergency.png	URL /modules/home/images/emergency.png not found
[Thu 03 14 21:24:56 2013]	kurogo:Warning	_404@100	/modules/home/images/fullweb.png	URL /modules/home/images/fullweb.png not found
[Thu 03 14 21:24:56 2013]	kurogo:Warning	_404@100	/modules/home/images/about.png	URL /modules/home/images/about.png not found
[Thu 03 14 21:24:56 2013]	kurogo:Warning	_404@100	/modules/home/images/customize.png	URL /modules/home/images/customize.png not found
[Thu 03 14 21:25:01 2013]	exception:Critical	PeopleController::factory@105	/people/	A KurogoConfigurationException has occured: Controller class  not defined
[Thu 03 14 21:25:05 2013]	kurogo:Warning	_404@100	/device/unknown-unknown-unknown/common/images/navback.png	URL /device/unknown-unknown-unknown/common/images/navback.png not found
[Thu 03 14 21:25:05 2013]	kurogo:Warning	_404@100	/device/unknown-unknown-unknown/common/images/loading.gif	URL /device/unknown-unknown-unknown/common/images/loading.gif not found
[Thu 03 14 21:25:05 2013]	kurogo:Warning	_404@100	/common/images/search-button.png	URL /common/images/search-button.png not found
[Thu 03 14 21:25:05 2013]	kurogo:Warning	_404@100	/common/images/homelink.png	URL /common/images/homelink.png not found
[Thu 03 14 21:25:32 2013]	kurogo:Warning	_404@100	/common/images/title-admin.png	URL /common/images/title-admin.png not found
[Thu 03 14 21:25:32 2013]	kurogo:Warning	_404@100	/device/unknown-unknown-unknown/common/images/navback.png	URL /device/unknown-unknown-unknown/common/images/navback.png not found
[Thu 03 14 21:25:32 2013]	deviceDetection:Warning	DeviceClassifier->detectDeviceExternal@421	/rest/admin/getlocalizedstring?v=1&key%5B%5D=BUTTON_ADD&key%5B%5D=BUTTON_EDIT&key%5B%5D=BUTTON_DONE&key%5B%5D=BUTTON_REMOVE&key%5B%5D=CONFIG_SAVED&key%5B%5D=ACTION_RUNNING&key%5B%5D=ACTION_SUCCESSFUL&key%5B%5D=ADMIN_SECTION_REMOVE_PROMPT&key%5B%5D=ADMIN_SECTION_ADD_PROMPT	Error receiving device detection data from https://modolabs-device.appspot.com/api/?user-agent=Mozilla%2F5.0+%28Windows+NT+6.1%3B+WOW64%29+AppleWebKit%2F537.22+%28KHTML%2C+like+Gecko%29+Chrome%2F25.0.1364.172+Safari%2F537.22&version=2.  Reading expired cache.
[Thu 03 14 21:25:32 2013]	kurogo:Warning	_404@100	/common/images/homelink.png	URL /common/images/homelink.png not found
[Thu 03 14 21:25:39 2013]	kurogo:Warning	_404@100	/modules/home/images/social.png	URL /modules/home/images/social.png not found
[Thu 03 14 21:25:39 2013]	kurogo:Warning	_404@100	/modules/home/images/calendar.png	URL /modules/home/images/calendar.png not found
[Thu 03 14 21:25:39 2013]	kurogo:Warning	_404@100	/modules/home/images/people.png	URL /modules/home/images/people.png not found
[Thu 03 14 21:25:39 2013]	kurogo:Warning	_404@100	/modules/home/images/news.png	URL /modules/home/images/news.png not found
[Thu 03 14 21:25:39 2013]	kurogo:Warning	_404@100	/common/images/search-button.png	URL /common/images/search-button.png not found
[Thu 03 14 21:25:39 2013]	kurogo:Warning	_404@100	/modules/home/images/athletics.png	URL /modules/home/images/athletics.png not found
[Thu 03 14 21:25:39 2013]	kurogo:Warning	_404@100	/modules/home/images/video.png	URL /modules/home/images/video.png not found
[Thu 03 14 21:25:39 2013]	kurogo:Warning	_404@100	/modules/home/images/photos.png	URL /modules/home/images/photos.png not found
[Thu 03 14 21:25:39 2013]	kurogo:Warning	_404@100	/modules/home/images/map.png	URL /modules/home/images/map.png not found
[Thu 03 14 21:25:39 2013]	kurogo:Warning	_404@100	/modules/home/images/kitchensink.png	URL /modules/home/images/kitchensink.png not found
[Thu 03 14 21:25:39 2013]	kurogo:Warning	_404@100	/modules/home/images/admissions.png	URL /modules/home/images/admissions.png not found
[Thu 03 14 21:25:39 2013]	kurogo:Warning	_404@100	/modules/home/images/links.png	URL /modules/home/images/links.png not found
[Thu 03 14 21:25:39 2013]	kurogo:Warning	_404@100	/modules/home/images/fullweb.png	URL /modules/home/images/fullweb.png not found
nd
[Thu 03 14 21:25:39 2013]	kurogo:Warning	_404@100	/modules/home/images/customize.png	URL /modules/home/images/customize.png not found
[Thu 03 14 21:25:39 2013]	kurogo:Warning	_404@100	/modules/home/images/about.png	URL /modules/home/images/about.png not found
[Thu 03 14 21:30:37 2013]	deviceDetection:Warning	DeviceClassifier->detectDeviceExternal@421	/modules/home/	Error receiving device detection data from https://modolabs-device.appspot.com/api/?user-agent=Mozilla%2F5.0+%28Windows+NT+6.1%3B+WOW64%29+AppleWebKit%2F537.22+%28KHTML%2C+like+Gecko%29+Chrome%2F25.0.1364.172+Safari%2F537.22&version=2.  Reading expired cache.
[Thu 03 14 21:30:37 2013]	module:Error	Module::factory@109	/modules/home/	Module config file not found for module modules
[Thu 03 14 21:30:37 2013]	exception:Critical	Module::factory@110	/modules/home/	A KurogoModuleNotFound has occured: Module modules not found
[Thu 03 14 21:32:39 2013]	deviceDetection:Warning	DeviceClassifier->detectDeviceExternal@421	/home/	Error receiving device detection data from https://modolabs-device.appspot.com/api/?user-agent=Mozilla%2F5.0+%28Windows+NT+6.1%3B+WOW64%29+AppleWebKit%2F537.22+%28KHTML%2C+like+Gecko%29+Chrome%2F25.0.1364.172+Safari%2F537.22&version=2.  Reading expired cache.
[Thu 03 14 21:32:39 2013]	kurogo:Warning	_404@100	/modules/home/images/people.png	URL /modules/home/images/people.png not found
[Thu 03 14 21:32:39 2013]	kurogo:Warning	_404@100	/common/images/search-button.png	URL /common/images/search-button.png not found
[Thu 03 14 21:32:39 2013]	kurogo:Warning	_404@100	/modules/home/images/news.png	URL /modules/home/images/news.png not found
[Thu 03 14 21:32:39 2013]	kurogo:Warning	_404@100	/modules/home/images/calendar.png	URL /modules/home/images/calendar.png not found
[Thu 03 14 21:32:39 2013]	kurogo:Warning	_404@100	/modules/home/images/photos.png	URL /modules/home/images/photos.png not found
[Thu 03 14 21:32:39 2013]	kurogo:Warning	_404@100	/modules/home/images/map.png	URL /modules/home/images/map.png not found
[Thu 03 14 21:32:39 2013]	kurogo:Warning	_404@100	/modules/home/images/video.png	URL /modules/home/images/video.png not found
[Thu 03 14 21:32:39 2013]	kurogo:Warning	_404@100	/modules/home/images/social.png	URL /modules/home/images/social.png not found
[Thu 03 14 21:32:39 2013]	kurogo:Warning	_404@100	/modules/home/images/emergency.png	URL /modules/home/images/emergency.png not found
[Thu 03 14 21:32:39 2013]	kurogo:Warning	_404@100	/modules/home/images/kitchensink.png	URL /modules/home/images/kitchensink.png not found
[Thu 03 14 21:32:39 2013]	kurogo:Warning	_404@100	/modules/home/images/athletics.png	URL /modules/home/images/athletics.png not found
[Thu 03 14 21:32:39 2013]	kurogo:Warning	_404@100	/modules/home/images/fullweb.png	URL /modules/home/images/fullweb.png not found
[Thu 03 14 21:32:39 2013]	kurogo:Warning	_404@100	/modules/home/images/admissions.png	URL /modules/home/images/admissions.png not found
[Thu 03 14 21:32:39 2013]	kurogo:Warning	_404@100	/modules/home/images/links.png	URL /modules/home/images/links.png not found
[Thu 03 14 21:32:39 2013]	kurogo:Warning	_404@100	/modules/home/images/customize.png	URL /modules/home/images/customize.png not found
[Thu 03 14 21:32:39 2013]	kurogo:Warning	_404@100	/modules/home/images/about.png	URL /modules/home/images/about.png not found
[Thu 03 14 21:32:39 2013]	kurogo:Warning	_404@100	/modules/home/images/people.png	URL /modules/home/images/people.png not found
[Thu 03 14 21:32:39 2013]	kurogo:Warning	_404@100	/common/images/search-button.png	URL /common/images/search-button.png not found
[Thu 03 14 21:32:51 2013]	kurogo:Warning	_404@100	/common/images/search-button.png	URL /common/images/search-button.png not found
[Thu 03 14 21:32:51 2013]	kurogo:Warning	_404@100	/modules/home/images/people.png	URL /modules/home/images/people.png not found
[Thu 03 14 21:32:51 2013]	kurogo:Warning	_404@100	/modules/home/images/news.png	URL /modules/home/images/news.png not found
[Thu 03 14 21:32:51 2013]	kurogo:Warning	_404@100	/modules/home/images/calendar.png	URL /modules/home/images/calendar.png not found
[Thu 03 14 21:32:51 2013]	kurogo:Warning	_404@100	/modules/home/images/social.png	URL /modules/home/images/social.png not found
[Thu 03 14 21:32:51 2013]	kurogo:Warning	_404@100	/modules/home/images/athletics.png	URL /modules/home/images/athletics.png not found
[Thu 03 14 21:32:51 2013]	kurogo:Warning	_404@100	/modules/home/images/video.png	URL /modules/home/images/video.png not found
[Thu 03 14 21:32:51 2013]	kurogo:Warning	_404@100	/modules/home/images/photos.png	URL /modules/home/images/photos.png not found
[Thu 03 14 21:32:51 2013]	kurogo:Warning	_404@100	/modules/home/images/map.png	URL /modules/home/images/map.png not found
[Thu 03 14 21:32:51 2013]	kurogo:Warning	_404@100	/modules/home/images/emergency.png	URL /modules/home/images/emergency.png not found
[Thu 03 14 21:32:51 2013]	kurogo:Warning	_404@100	/modules/home/images/admissions.png	URL /modules/home/images/admissions.png not found
[Thu 03 14 21:32:51 2013]	kurogo:Warning	_404@100	/modules/home/images/links.png	URL /modules/home/images/links.png not found
[Thu 03 14 21:32:51 2013]	kurogo:Warning	_404@100	/modules/home/images/kitchensink.png	URL /modules/home/images/kitchensink.png not found
[Thu 03 14 21:32:51 2013]	kurogo:Warning	_404@100	/modules/home/images/fullweb.png	URL /modules/home/images/fullweb.png not found
[Thu 03 14 21:32:51 2013]	kurogo:Warning	_404@100	/modules/home/images/about.png	URL /modules/home/images/about.png not found
[Thu 03 14 21:32:51 2013]	kurogo:Warning	_404@100	/modules/home/images/customize.png	URL /modules/home/images/customize.png not found
